make.exe all --print-data-base --no-builtin-variables --no-builtin-rules --question
# GNU Make 3.81
# Copyright (C) 2006  Free Software Foundation, Inc.
# This is free software; see the source for copying conditions.
# There is NO warranty; not even for MERCHANTABILITY or FITNESS FOR A
# PARTICULAR PURPOSE.

# This program built for i386-pc-mingw32

# Make data base, printed on Wed Jul 20 11:42:43 2022

# Variables

# automatic
<D = $(patsubst %/,%,$(dir $<))
# automatic
?F = $(notdir $?)
# environment
COOKIECUTTER = C:\Users\rizwijaya.LAPTOP-BMMNV6QG\AppData\Local\Packages\PythonSoftwareFoundation.Python.3.8_qbz5n2kfra8p0\LocalCache\local-packages\Python38\Scripts\cookiecutter.exe
# makefile
MAKEFLAGS = Rrqp
# environment
VSCODE_LOG_NATIVE = false
# automatic
?D = $(patsubst %/,%,$(dir $?))
# automatic
@D = $(patsubst %/,%,$(dir $@))
# environment
HOMEDRIVE = C:
# automatic
@F = $(notdir $@)
# automatic
^D = $(patsubst %/,%,$(dir $^))
# makefile
CURDIR := d:/master/Golangwork/src/smartvoting
# default
SHELL := sh.exe
# environment
WINDIR = C:\WINDOWS
# environment
VSCODE_NLS_CONFIG = {"locale":"en-us","availableLanguages":{},"_languagePackSupport":true}
# environment
VBOX_MSI_INSTALL_PATH = C:\Program Files\Oracle\VirtualBox\
# environment
ONEDRIVE = C:\Users\rizwijaya.LAPTOP-BMMNV6QG\OneDrive - Institut Teknologi Sepuluh Nopember
# environment
MOSQUITTO_DIR = D:\master\MQTT
# environment
PATHEXT = .COM;.EXE;.BAT;.CMD;.VBS;.VBE;.JS;.JSE;.WSF;.WSH;.MSC
# makefile (from `makefile', line 1)
MAKEFILE_LIST :=  makefile
# environment
FPS_BROWSER_USER_PROFILE_STRING = Default
# environment
TMP = C:\Users\RIZWIJ~1.LAP\AppData\Local\Temp
# environment
VSCODE_AMD_ENTRYPOINT = vs/workbench/api/node/extensionHostProcess
# environment
VSCODE_VERBOSE_LOGGING = true
# environment
ETHEREUM_SOCKET = \\.\pipe\geth.ipc
# environment
PROGRAMW6432 = C:\Program Files
# environment
PROGRAMDATA = C:\ProgramData
# environment
VSCODE_IPC_HOOK_EXTHOST = \\.\pipe\vscode-ipc-08bbd713-9bb3-4987-af91-0491a4a51aaf-sock
# environment
VSCODE_CWD = C:\Users\rizwijaya.LAPTOP-BMMNV6QG\AppData\Local\Programs\Microsoft VS Code
# environment
GOPROXY = https://proxy.golang.org,direct
# environment
PATH = D:\master\Golang\bin;C:\Program Files (x86)\VMware\VMware Workstation\bin\;E:\Website\Database\WINDOWS.X64_193000_db_home\bin;C:\Program Files (x86)\Common Files\Intel\Shared Files\cpp\bin\Intel64;C:\Program Files (x86)\Common Files\Oracle\Java\javapath;C:\Windows\system32;C:\Windows;C:\Windows\System32\Wbem;C:\Windows\System32\WindowsPowerShell\v1.0\;C:\Windows\System32\OpenSSH\;C:\Program Files (x86)\NVIDIA Corporation\PhysX\Common;C:\Program Files\NVIDIA Corporation\NVIDIA NvDLISR;C:\WINDOWS\system32;C:\WINDOWS;C:\WINDOWS\System32\Wbem;C:\WINDOWS\System32\WindowsPowerShell\v1.0\;C:\WINDOWS\System32\OpenSSH\;C:\Program Files\PuTTY\;C:\xampp\php-8;C:\Program Files\Git\cmd;C:\Program Files\dotnet\;C:\Program Files\nodejs\;C:\TDM-GCC-64\bin;C:\Program Files\Docker\Docker\resources\bin;C:\ProgramData\DockerDesktop\version-bin;D:\master\cmake;C:\Users\rizwijaya.LAPTOP-BMMNV6QG\anaconda3\Library\bin;C:\Program Files\Java\jdk1.8.0_271\bin;C:\ProgramData\ComposerSetup\bin;C:\Program Files (x86)\GnuWin32\bin;C:\Program Files\Geth;C:\Users\rizwijaya.LAPTOP-BMMNV6QG\AppData\Local\Microsoft\WindowsApps;C:\Users\rizwijaya.LAPTOP-BMMNV6QG\AppData\Local\Programs\Microsoft VS Code\bin;C:\Users\rizwijaya.LAPTOP-BMMNV6QG\AppData\Roaming\npm;C:\Users\rizwijaya.LAPTOP-BMMNV6QG\AppData\Local\GitHubDesktop\bin;C:\Program Files\heroku\bin;C:\Users\rizwijaya.LAPTOP-BMMNV6QG\anaconda3\Library\bin;C:\Users\rizwijaya.LAPTOP-BMMNV6QG\anaconda3;C:\Users\rizwijaya.LAPTOP-BMMNV6QG\AppData\Roaming\Composer\vendor\bin;C:\Users\rizwijaya.LAPTOP-BMMNV6QG\go\bin
# environment
COMMONPROGRAMW6432 = C:\Program Files\Common Files
# environment
ZES_ENABLE_SYSMAN = 1
# environment
PROCESSOR_ARCHITECTURE = x86
# environment
USERPROFILE = C:\Users\rizwijaya.LAPTOP-BMMNV6QG
# environment
ALLUSERSPROFILE = C:\ProgramData
# environment
GOPATH = D:\master\Golangwork
# environment
DOWNLEVEL = C:\Windows\SysWOW64\downlevel
# environment
VSCODE_LOG_STACK = false
# environment
NUMBER_OF_PROCESSORS = 8
# environment
ELECTRON_RUN_AS_NODE = 1
# default
.FEATURES := target-specific order-only second-expansion else-if archives
# automatic
%F = $(notdir $%)
# environment
GOBIN = D:\master\Golangwork\bin
# environment
CHROME_CRASHPAD_PIPE_NAME = \\.\pipe\crashpad_5772_ELNPGYLJNSQNJZLP
# environment
VSCODE_PIPE_LOGGING = true
# environment
COMPUTERNAME = RIZQI
# environment
PROGRAMFILES = C:\Program Files (x86)
# environment
DRIVERDATA = C:\Windows\System32\Drivers\DriverData
# environment
ORIGINAL_XDG_CURRENT_DESKTOP = undefined
# environment
USERNAME = rizwijaya
# environment
PUBLIC = C:\Users\Public
# environment
GOMODCACHE = D:\master\Golangwork\pkg\mod
# environment
VSCODE_CODE_CACHE_PATH = C:\Users\rizwijaya.LAPTOP-BMMNV6QG\AppData\Roaming\Code\CachedData\30d9c6cd9483b2cc586687151bcbcd635f373630
# environment
APPLICATION_INSIGHTS_NO_DIAGNOSTIC_CHANNEL = 1
# environment
COMMONPROGRAMFILES = C:\Program Files (x86)\Common Files
# environment
LOGONSERVER = \\RIZQI
# environment
ONEDRIVECONSUMER = C:\Users\rizwi\OneDrive
# environment
VSCODE_HANDLES_UNCAUGHT_ERRORS = true
# environment
USERDOMAIN = RIZQI
# default
MAKE = $(MAKE_COMMAND)
# default
MAKECMDGOALS := all
# environment
QT_DEVICE_PIXEL_RATIO = auto
# environment
DOWNLEVEL2 = C:\Windows\System32\downlevel
# environment
JAVA_HOME = C:\Program Files\Java\jdk1.8.0_271
# environment
ONEDRIVECOMMERCIAL = C:\Users\rizwijaya.LAPTOP-BMMNV6QG\OneDrive - Institut Teknologi Sepuluh Nopember
# default
MAKE_VERSION := 3.81
# makefile
.DEFAULT_GOAL := run
# environment
C_EM64T_REDIST11 = C:\Program Files (x86)\Common Files\Intel\Shared Files\cpp\
# environment
GOROOT = D:\master\Golang
# environment
PROGRAMFILES(X86) = C:\Program Files (x86)
# automatic
%D = $(patsubst %/,%,$(dir $%))
# environment
PROG27B48B2C052 = 1
# environment
LOCALAPPDATA = C:\Users\rizwijaya.LAPTOP-BMMNV6QG\AppData\Local
# environment
PSMODULEPATH = C:\Program Files\WindowsPowerShell\Modules;C:\WINDOWS\system32\WindowsPowerShell\v1.0\Modules
# default
MAKE_COMMAND := make.exe
# environment
PROCESSOR_ARCHITEW6432 = AMD64
# default
.VARIABLES := 
# automatic
*F = $(notdir $*)
# environment
PROCESSOR_IDENTIFIER = Intel64 Family 6 Model 158 Stepping 10, GenuineIntel
# environment
OS = Windows_NT
# environment
VSCODE_IPC_HOOK = \\.\pipe\b186e8633ee9c1a481e8567c312f88e1-1.68.1-main-sock
# environment
HOMEPATH = \Users\rizwijaya.LAPTOP-BMMNV6QG
# environment
COMMONPROGRAMFILES(X86) = C:\Program Files (x86)\Common Files
# environment
PROMPT = $P$G
# environment
MFLAGS = -Rrqp
# automatic
*D = $(patsubst %/,%,$(dir $*))
# environment
PT8HOME = C:\Program Files\Cisco Packet Tracer 8.0.1
# environment
SYSTEMROOT = C:\WINDOWS
# automatic
+D = $(patsubst %/,%,$(dir $+))
# automatic
+F = $(notdir $+)
# environment
APPDATA = C:\Users\rizwijaya.LAPTOP-BMMNV6QG\AppData\Roaming
# environment
TEMP = C:\Users\RIZWIJ~1.LAP\AppData\Local\Temp
# environment
COMSPEC = C:\WINDOWS\system32\cmd.exe
# default
MAKEFILES := 
# environment
ERLANG_HOME = C:\Erlang\erl-24.1.7
# automatic
<F = $(notdir $<)
# environment
LC_ALL = C
# automatic
^F = $(notdir $^)
# default
SUFFIXES := 
# environment
SYSTEMDRIVE = C:
# environment
SESSIONNAME = Console
# environment
PROCESSOR_REVISION = 9e0a
# environment
MAKELEVEL := 0
# environment
LANG = C
# environment
PROCESSOR_LEVEL = 6
# environment
FPS_BROWSER_APP_PROFILE_STRING = Internet Explorer
# environment
VSCODE_PID = 5772
# environment
USERDOMAIN_ROAMINGPROFILE = RIZQI
# variable set hash-table stats:
# Load=108/1024=11%, Rehash=0, Collisions=11/128=9%

# Pattern-specific Variable Values

# No pattern-specific variable values.

# Directories

# C:\Program Files\heroku\bin: could not be stat'd.
# C:\Users\rizwijaya.LAPTOP-BMMNV6QG\go\bin (key C:/Users/rizwijaya.LAPTOP-BMMNV6QG/go/bin, mtime 1618917680): 12 files, no impossibilities.
# C:\Program Files\Docker\Docker\resources\bin (key C:/Program Files/Docker/Docker/resources/bin, mtime 1621175667): 12 files, no impossibilities.
# C:\Windows\System32\WindowsPowerShell\v1.0\ (key C:/Windows/System32/WindowsPowerShell/v1.0/, mtime 1652682785): 31 files, no impossibilities.
# C:\Windows\System32\Wbem (key C:/Windows/System32/Wbem, mtime 1657428380): 157 files, no impossibilities.
# . (key d:/master/Golangwork/src/smartvoting, mtime 1658291847): 19 files, no impossibilities.
# C:\Program Files\nodejs\ (key C:/Program Files/nodejs/, mtime 1608043669): 11 files, no impossibilities.
# C:\Program Files (x86)\NVIDIA Corporation\PhysX\Common (key C:/Program Files (x86)/NVIDIA Corporation/PhysX/Common, mtime 1598423392): 10 files, no impossibilities.
# C:\Program Files\dotnet\ (key C:/Program Files/dotnet/, mtime 1604104474): 11 files, no impossibilities.
# C:\TDM-GCC-64\bin (key C:/TDM-GCC-64/bin, mtime 1620999588): 60 files, no impossibilities.
# E:\Website\Database\WINDOWS.X64_193000_db_home\bin (key E:/Website/Database/WINDOWS.X64_193000_db_home/bin, mtime 1619951840): 66 files, no impossibilities.
# C:\Program Files (x86)\VMware\VMware Workstation\bin\ (key C:/Program Files (x86)/VMware/VMware Workstation/bin/, mtime 1635033704): 4 files, no impossibilities.
# C:\Windows\System32\OpenSSH\: could not be stat'd.
# C:\ProgramData\ComposerSetup\bin (key C:/ProgramData/ComposerSetup/bin, mtime 1653219771): 5 files, no impossibilities.
# C:\Program Files\PuTTY\ (key C:/Program Files/PuTTY/, mtime 1600514374): 12 files, no impossibilities.
# C:\Program Files (x86)\Common Files\Oracle\Java\javapath (key C:/Program Files (x86)/Common Files/Oracle/Java/javapath, mtime 1650023304): 5 files, no impossibilities.
# C:\Users\rizwijaya.LAPTOP-BMMNV6QG\AppData\Local\Programs\Microsoft VS Code\bin (key C:/Users/rizwijaya.LAPTOP-BMMNV6QG/AppData/Local/Programs/Microsoft VS Code/bin, mtime 1655426044): 4 files, no impossibilities.
# C:\Windows (key C:/Windows, mtime 1657428378): 150 files, no impossibilities.
# C:\Users\rizwijaya.LAPTOP-BMMNV6QG\AppData\Roaming\npm (key C:/Users/rizwijaya.LAPTOP-BMMNV6QG/AppData/Roaming/npm, mtime 1658203657): 18 files, no impossibilities.
# C:\Program Files\Java\jdk1.8.0_271\bin (key C:/Program Files/Java/jdk1.8.0_271/bin, mtime 1605362680): 54 files, no impossibilities.
# D:\master\cmake (key D:/master/cmake, mtime 1629888168): 29 files, no impossibilities.
# C:\Users\rizwijaya.LAPTOP-BMMNV6QG\anaconda3 (key C:/Users/rizwijaya.LAPTOP-BMMNV6QG/anaconda3, mtime 1654091543): 86 files, no impossibilities.
# C:\Users\rizwijaya.LAPTOP-BMMNV6QG\AppData\Roaming\Composer\vendor\bin (key C:/Users/rizwijaya.LAPTOP-BMMNV6QG/AppData/Roaming/Composer/vendor/bin, mtime 1600765772): 4 files, no impossibilities.
# C:\ProgramData\DockerDesktop\version-bin (key C:/ProgramData/DockerDesktop/version-bin, mtime 1621175747): 2 files, no impossibilities.
# C:\xampp\php-8 (key C:/xampp/php-8, mtime 1653222446): 39 files, no impossibilities.
# C:\Program Files\Git\cmd (key C:/Program Files/Git/cmd, mtime 1603164098): 8 files, no impossibilities.
# C:\Windows\system32 (key C:/Windows/system32, mtime 1658278872): 2897 files, no impossibilities.
# C:\Users\rizwijaya.LAPTOP-BMMNV6QG\AppData\Local\GitHubDesktop\bin (key C:/Users/rizwijaya.LAPTOP-BMMNV6QG/AppData/Local/GitHubDesktop/bin, mtime 1599971240): 4 files, no impossibilities.
# D:\master\Golang\bin (key D:/master/Golang/bin, mtime 1655515488): 4 files, no impossibilities.
# C:\Program Files\Geth (key C:/Program Files/Geth, mtime 1658146453): 10 files, no impossibilities.
# C:\Users\rizwijaya.LAPTOP-BMMNV6QG\AppData\Local\Microsoft\WindowsApps (key C:/Users/rizwijaya.LAPTOP-BMMNV6QG/AppData/Local/Microsoft/WindowsApps, mtime 1657968713): 46 files, no impossibilities.
# C:\Program Files (x86)\Common Files\Intel\Shared Files\cpp\bin\Intel64 (key C:/Program Files (x86)/Common Files/Intel/Shared Files/cpp/bin/Intel64, mtime 1600307007): 14 files, no impossibilities.
# C:\Users\rizwijaya.LAPTOP-BMMNV6QG\anaconda3\Library\bin (key C:/Users/rizwijaya.LAPTOP-BMMNV6QG/anaconda3/Library/bin, mtime 1654091543): 446 files, no impossibilities.
# C:\Program Files\NVIDIA Corporation\NVIDIA NvDLISR (key C:/Program Files/NVIDIA Corporation/NVIDIA NvDLISR, mtime 1598423389): 5 files, no impossibilities.
# C:\Program Files (x86)\GnuWin32\bin (key C:/Program Files (x86)/GnuWin32/bin, mtime 1656677327): 5 files, no impossibilities.

# 4240 files, no impossibilities in 35 directories.

# Implicit Rules

# No implicit rules.

# Files

# Not a target:
all:
#  Command-line target.
#  Implicit rule search has been done.
#  File does not exist.
#  File has not been updated.
# variable set hash-table stats:
# Load=0/32=0%, Rehash=0, Collisions=0/0=0%

.PHONY: format install build
#  Implicit rule search has not been done.
#  Modification time never checked.
#  File has not been updated.

# Not a target:
.DEFAULT:
#  Implicit rule search has not been done.
#  Modification time never checked.
#  File has not been updated.

format:
#  Phony target (prerequisite of .PHONY).
#  Implicit rule search has not been done.
#  File does not exist.
#  File has not been updated.

start:
#  Implicit rule search has not been done.
#  Modification time never checked.
#  File has not been updated.
#  commands to execute (from `makefile', line 22):
	@echo "Starting server..."
	./main
	

sol:
#  Implicit rule search has not been done.
#  Modification time never checked.
#  File has not been updated.
#  commands to execute (from `makefile', line 34):
	@echo "Make Blockchain Script..."
	solcjs --optimize --abi ./app/contracts/Election.sol -o build
	solcjs --optimize --bin ./app/contracts/Election.sol -o build
	abigen --abi=./build/app_contracts_election_sol_Election.abi --bin=./build/app_contracts_election_sol_Election.bin --pkg=api --out=./app/contracts/voting.go
	

# Not a target:
makefile:
#  Implicit rule search has been done.
#  Last modified 2022-07-20 11:37:16
#  File has been updated.
#  Successfully updated.
# variable set hash-table stats:
# Load=0/32=0%, Rehash=0, Collisions=0/0=0%

build:
#  Phony target (prerequisite of .PHONY).
#  Implicit rule search has not been done.
#  File does not exist.
#  File has not been updated.
#  commands to execute (from `makefile', line 18):
	@echo "building binary..."
	go build main.go
	

run-nodemon:
#  Implicit rule search has not been done.
#  Modification time never checked.
#  File has not been updated.
#  commands to execute (from `makefile', line 30):
	@echo "Running server with nodemon..."
	nodemon --exec go run main.go
	

# Not a target:
.SUFFIXES:
#  Implicit rule search has not been done.
#  Modification time never checked.
#  File has not been updated.

run:
#  Implicit rule search has not been done.
#  Modification time never checked.
#  File has not been updated.
#  commands to execute (from `makefile', line 5):
	@echo "Running server..."
	go run main.go
	

clean:
#  Implicit rule search has not been done.
#  Modification time never checked.
#  File has not been updated.
#  commands to execute (from `makefile', line 26):
	@echo "Cleaning..."
	rm -rf main.exe
	

init:
#  Implicit rule search has not been done.
#  Modification time never checked.
#  File has not been updated.
#  commands to execute (from `makefile', line 9):
	@echo "Initializing dependencies..."
	go mod init
	go mod tidy
	

install:
#  Phony target (prerequisite of .PHONY).
#  Implicit rule search has not been done.
#  File does not exist.
#  File has not been updated.
#  commands to execute (from `makefile', line 14):
	@echo "Downloading dependencies..."
	go mod download
	

# files hash-table stats:
# Load=14/1024=1%, Rehash=0, Collisions=1/28=4%
# VPATH Search Paths

# No `vpath' search paths.

# No general (`VPATH' variable) search path.

# # of strings in strcache: 1
# # of strcache buffers: 1
# strcache size: total = 4096 / max = 4096 / min = 4096 / avg = 4096
# strcache free: total = 4087 / max = 4087 / min = 4087 / avg = 4087

# Finished Make data base on Wed Jul 20 11:42:43 2022

 
make.exe: *** No rule to make target `all'.  Stop.

